aeslc
ag_news_subset
anli_r1
anli_r2
anli_r3
arc_challenge
arc_easy
bool_q
cb
cnn_dailymail
cola
common_gen
copa
coqa
cosmos_qa
dart
definite_pronoun_resolution
drop
e2e_nlg
fix_punct
gigaword
glue_mrpc
glue_qqp
hellaswag
imdb_reviews
math_dataset
mnli_matched
mnli_mismatched
multi_news
multirc
natural_questions
newsroom
openbookqa
opinion_abstracts_idebate
opinion_abstracts_rotten_tomatoes
para_crawl_enes
paws_wiki
piqa
qnli
quac
record
rte
samsum
sentiment140
snli
squad_v1
squad_v2
sst2
story_cloze
stsb
trec
trivia_qa
true_case
web_nlg_en
wic
wiki_lingua_english_en
winogrande
wmt14_enfr
wmt16_translate_csen
wmt16_translate_deen
wmt16_translate_fien
wmt16_translate_roen
wmt16_translate_ruen
wmt16_translate_tren
wnli
word_segment
wsc
xsum
yelp_polarity_reviews
